ISim log file
Running: /home/argy/ISE_DS/organwsh_LAB2/orga2_2/TEST_isim_beh.exe -intstyle ise -gui -tclbatch isim.cmd -wdb /home/argy/ISE_DS/organwsh_LAB2/orga2_2/TEST_isim_beh.wdb 
ISim O.87xd (signature 0x8ddf5b5d)
WARNING: A WEBPACK license was found.
WARNING: Please use Xilinx License Configuration Manager to check out a full ISim license.
WARNING: ISim will run in Lite mode. Please refer to the ISim documentation for more information on the differences between the Lite and the Full version.
This is a Lite version of ISim.
Time resolution is 1 ps
# onerror resume
# wave add /
# run 1000 ns
Simulator is doing circuit initialization process.
Finished circuit initialization process.
at 10 ns(1): Note: Block Memory Generator CORE Generator module is using a behavioral model FOR simulation which will not precisely model memory collision behavior. (/test/uut/RF/MEM1/U0/native_mem_module/mem_module/).
at 10 ns(1), Instance /test/uut/RF/MEM1/U0/native_mem_module/mem_module/ : Warning: blk_mem_gen_v6_1 WARNING: collision detected: A write address: 0001, B read address: 0001

at 10 ns(1): Note: Block Memory Generator CORE Generator module is using a behavioral model FOR simulation which will not precisely model memory collision behavior. (/test/uut/RF/MEM2/U0/native_mem_module/mem_module/).
at 20 ns(1), Instance /test/uut/RF/MEM1/U0/native_mem_module/mem_module/ : Warning: blk_mem_gen_v6_1 WARNING: collision detected: A write address: 0001, B read address: 0001

at 30 ns(1), Instance /test/uut/RF/MEM1/U0/native_mem_module/mem_module/ : Warning: blk_mem_gen_v6_1 WARNING: collision detected: A write address: 0001, B read address: 0001

at 70 ns(1), Instance /test/uut/RF/MEM1/U0/native_mem_module/mem_module/ : Warning: blk_mem_gen_v6_1 WARNING: collision detected: A write address: 0011, B read address: 0011

at 80 ns(1), Instance /test/uut/RF/MEM1/U0/native_mem_module/mem_module/ : Warning: blk_mem_gen_v6_1 WARNING: collision detected: A write address: 0011, B read address: 0011

at 90 ns(1), Instance /test/uut/RF/MEM1/U0/native_mem_module/mem_module/ : Warning: blk_mem_gen_v6_1 WARNING: collision detected: A write address: 0011, B read address: 0011

at 130 ns(1), Instance /test/uut/RF/MEM1/U0/native_mem_module/mem_module/ : Warning: blk_mem_gen_v6_1 WARNING: collision detected: A write address: 0011, B read address: 0011

at 140 ns(1), Instance /test/uut/RF/MEM1/U0/native_mem_module/mem_module/ : Warning: blk_mem_gen_v6_1 WARNING: collision detected: A write address: 0011, B read address: 0011

at 150 ns(1), Instance /test/uut/RF/MEM1/U0/native_mem_module/mem_module/ : Warning: blk_mem_gen_v6_1 WARNING: collision detected: A write address: 0011, B read address: 0011

at 160 ns(1), Instance /test/uut/RF/MEM2/U0/native_mem_module/mem_module/ : Warning: blk_mem_gen_v6_1 WARNING: collision detected: A write address: 0100, B read address: 0100

at 170 ns(1), Instance /test/uut/RF/MEM2/U0/native_mem_module/mem_module/ : Warning: blk_mem_gen_v6_1 WARNING: collision detected: A write address: 0100, B read address: 0100

at 180 ns(1), Instance /test/uut/RF/MEM2/U0/native_mem_module/mem_module/ : Warning: blk_mem_gen_v6_1 WARNING: collision detected: A write address: 0100, B read address: 0100

at 190 ns(1), Instance /test/uut/RF/MEM2/U0/native_mem_module/mem_module/ : Warning: blk_mem_gen_v6_1 WARNING: collision detected: A write address: 0100, B read address: 0100

at 200 ns(1), Instance /test/uut/RF/MEM2/U0/native_mem_module/mem_module/ : Warning: blk_mem_gen_v6_1 WARNING: collision detected: A write address: 0100, B read address: 0100

at 210 ns(1), Instance /test/uut/RF/MEM2/U0/native_mem_module/mem_module/ : Warning: blk_mem_gen_v6_1 WARNING: collision detected: A write address: 0100, B read address: 0100

at 220 ns(1), Instance /test/uut/RF/MEM2/U0/native_mem_module/mem_module/ : Warning: blk_mem_gen_v6_1 WARNING: collision detected: A write address: 0100, B read address: 0100

at 230 ns(1), Instance /test/uut/RF/MEM2/U0/native_mem_module/mem_module/ : Warning: blk_mem_gen_v6_1 WARNING: collision detected: A write address: 0100, B read address: 0100

at 240 ns(1), Instance /test/uut/RF/MEM2/U0/native_mem_module/mem_module/ : Warning: blk_mem_gen_v6_1 WARNING: collision detected: A write address: 0100, B read address: 0010

# exit 0
