Running: /home/argy/ISE_DS/ISE/bin/lin/unwrapped/fuse -intstyle ise -incremental -o /home/argy/ISE_DS/organwsh_LAB2/orga2_4/Test_isim_beh.exe -prj /home/argy/ISE_DS/organwsh_LAB2/orga2_4/Test_beh.prj work.Test 
ISim O.87xd (signature 0x8ddf5b5d)
Number of CPUs detected in this system: 2
Turning on mult-threading, number of parallel sub-compilation jobs: 4 
Determining compilation order of HDL files
Parsing VHDL file "/home/argy/ISE_DS/organwsh_LAB2/orga2_4/ipcore_dir/MEM.vhd" into library work
Parsing VHDL file "/home/argy/ISE_DS/organwsh_LAB2/orga2_4/mux.vhd" into library work
Parsing VHDL file "/home/argy/ISE_DS/organwsh_LAB2/orga2_4/MEMSTAGE.vhd" into library work
Parsing VHDL file "/home/argy/ISE_DS/organwsh_LAB2/orga2_4/Test.vhd" into library work
Starting static elaboration
Completed static elaboration
Fuse Memory Usage: 40824 KB
Fuse CPU Usage: 2370 ms
Compiling package standard
Compiling package std_logic_1164
Compiling architecture behavioral of entity mux [mux_default]
Compiling package textio
Compiling package std_logic_arith
Compiling package std_logic_unsigned
Compiling package std_logic_textio
Compiling architecture output_stage_behavioral of entity BLK_MEM_GEN_V6_1_output_stage [\BLK_MEM_GEN_V6_1_output_stage("...]
Compiling architecture softecc_output_reg_stage_behavioral of entity BLK_MEM_GEN_V6_1_softecc_output_reg_stage [\BLK_MEM_GEN_V6_1_softecc_output...]
Compiling architecture mem_module_behavioral of entity BLK_MEM_GEN_V6_1_mem_module [\BLK_MEM_GEN_V6_1_mem_module("bl...]
Compiling architecture behavioral of entity BLK_MEM_GEN_V6_1 [\BLK_MEM_GEN_V6_1("blk_mem_gen_v...]
Compiling architecture mem_a of entity MEM [mem_default]
Compiling architecture behavioral of entity MEMSTAGE [memstage_default]
Compiling architecture behavior of entity test
Time Resolution for simulation is 1ps.
Waiting for 2 sub-compilation(s) to finish...
Compiled 21 VHDL Units
Built simulation executable /home/argy/ISE_DS/organwsh_LAB2/orga2_4/Test_isim_beh.exe
Fuse Memory Usage: 94012 KB
Fuse CPU Usage: 2630 ms
GCC CPU Usage: 1220 ms
